<?xml version="1.0" encoding="UTF-8"?>
<!-- Generated by org.testng.reporters.JUnitReportReporter -->
<testsuite hostname="KTLPT1298" failures="0" tests="2" name="com.mygoal.tests.WithdrowPageTest" time="7.160" errors="0" timestamp="2024-09-29T15:29:24 IST" skipped="0">
  <testcase classname="com.mygoal.tests.WithdrowPageTest" name="VerifyCurrentURLOfWithdrowPage" time="3.464"/>
  <system-out/>
  <testcase classname="com.mygoal.tests.WithdrowPageTest" name="VerifyTitleOfWithdrowPage" time="3.696"/>
  <system-out/>
</testsuite> <!-- com.mygoal.tests.WithdrowPageTest -->
