<?xml version="1.0" encoding="UTF-8"?>
<!-- Generated by org.testng.reporters.JUnitReportReporter -->
<testsuite hostname="KTLPT1298" failures="0" tests="1" name="com.mygoal.tests.LoginPageTest" time="5.715" errors="0" timestamp="2024-09-29T22:30:43 IST" skipped="0">
  <testcase classname="com.mygoal.tests.LoginPageTest" name="verifyLoginWithValidUsernameAndValidPassword" time="5.715"/>
  <system-out/>
</testsuite> <!-- com.mygoal.tests.LoginPageTest -->
