<?xml version="1.0" encoding="UTF-8"?>
<!-- Generated by org.testng.reporters.JUnitReportReporter -->
<testsuite hostname="KTLPT1298" failures="0" tests="1" name="com.mygoal.tests.NewAccountPageTest" time="5.858" errors="0" timestamp="2024-09-29T23:22:45 IST" skipped="0">
  <testcase classname="com.mygoal.tests.NewAccountPageTest" name="verifyAccountCreationFunctionalityWithValiddataTest" time="5.858"/>
  <system-out/>
</testsuite> <!-- com.mygoal.tests.NewAccountPageTest -->
