<?xml version="1.0" encoding="UTF-8"?>
<!-- Generated by org.testng.reporters.JUnitReportReporter -->
<testsuite hostname="KTLPT1298" failures="0" tests="2" name="com.mygoal.tests.AnnouncementPageTest" time="7.196" errors="0" timestamp="2024-09-29T15:29:24 IST" skipped="0">
  <testcase classname="com.mygoal.tests.AnnouncementPageTest" name="VerifyCurrentURLOfAnnouncmentPage" time="3.582"/>
  <system-out/>
  <testcase classname="com.mygoal.tests.AnnouncementPageTest" name="VerifyTitleOfAnnouncmentPage" time="3.614"/>
  <system-out/>
</testsuite> <!-- com.mygoal.tests.AnnouncementPageTest -->
