<?xml version="1.0" encoding="UTF-8"?>
<!-- Generated by org.testng.reporters.JUnitReportReporter -->
<testsuite hostname="KTLPT1298" failures="0" tests="2" name="com.mygoal.tests.ManageAccountPageTest" time="7.347" errors="0" timestamp="2024-09-29T15:29:24 IST" skipped="0">
  <testcase classname="com.mygoal.tests.ManageAccountPageTest" name="VerifyCurrentURLOfManageAccountPage" time="3.669"/>
  <system-out/>
  <testcase classname="com.mygoal.tests.ManageAccountPageTest" name="VerifyTitleOfManageAccountPage" time="3.678"/>
  <system-out/>
</testsuite> <!-- com.mygoal.tests.ManageAccountPageTest -->
