<?xml version="1.0" encoding="UTF-8"?>
<!-- Generated by org.testng.reporters.JUnitReportReporter -->
<testsuite hostname="KTLPT1298" failures="0" tests="1" name="com.mygoal.tests.TransferPageTest" time="3.609" errors="0" timestamp="2024-09-29T15:29:24 IST" skipped="0">
  <testcase classname="com.mygoal.tests.TransferPageTest" name="VerifyCurrentURLOfTransferPage" time="3.609"/>
  <system-out/>
</testsuite> <!-- com.mygoal.tests.TransferPageTest -->
