<?xml version="1.0" encoding="UTF-8"?>
<!-- Generated by org.testng.reporters.JUnitReportReporter -->
<testsuite hostname="KTLPT1298" failures="0" tests="2" name="com.mygoal.tests.DepositPageTest" time="7.410" errors="0" timestamp="2024-09-29T15:29:24 IST" skipped="0">
  <testcase classname="com.mygoal.tests.DepositPageTest" name="VerifyCurrentURLOfDepositPage" time="3.737"/>
  <system-out/>
  <testcase classname="com.mygoal.tests.DepositPageTest" name="VerifyTitleOfDepositPage" time="3.673"/>
  <system-out/>
</testsuite> <!-- com.mygoal.tests.DepositPageTest -->
