<?xml version="1.0" encoding="UTF-8"?>
<!-- Generated by org.testng.reporters.JUnitReportReporter -->
<testsuite hostname="KTLPT1298" failures="0" tests="1" name="com.mygoal.utility.DatabaseTestingLibrary" time="0.360" errors="0" timestamp="2024-09-29T18:49:20 IST" skipped="0">
  <testcase classname="com.mygoal.utility.DatabaseTestingLibrary" name="verifyIntegerValue" time="0.360"/>
  <system-out/>
</testsuite> <!-- com.mygoal.utility.DatabaseTestingLibrary -->
