<?xml version="1.0" encoding="UTF-8"?>
<!-- Generated by org.testng.reporters.JUnitReportReporter -->
<testsuite hostname="KTLPT1298" failures="0" tests="1" name="com.mygoal.baseclass.BaseClass" time="0.009" errors="0" timestamp="2024-09-25T11:43:37 IST" skipped="0">
  <testcase classname="com.mygoal.baseclass.BaseClass" name="testcase1" time="0.009"/>
  <system-out/>
</testsuite> <!-- com.mygoal.baseclass.BaseClass -->
