<?xml version="1.0" encoding="UTF-8"?>
<!-- Generated by org.testng.reporters.JUnitReportReporter -->
<testsuite hostname="KTLPT1298" failures="0" tests="1" name="com.mygoal.tests.SettingPageTest" time="3.485" errors="0" timestamp="2024-09-29T15:29:24 IST" skipped="0">
  <testcase classname="com.mygoal.tests.SettingPageTest" name="VerifyCurrentURLOfsettingPage" time="3.485"/>
  <system-out/>
</testsuite> <!-- com.mygoal.tests.SettingPageTest -->
